<?xml version="1.0" encoding="UTF-8"?>
<!-- Generated by org.testng.reporters.JUnitXMLReporter -->
<testsuite ignored="0" hostname="ANILKUMAR" failures="0" tests="7" name="my tests" time="142.799" errors="0" timestamp="2024-10-18T11:57:00 IST">
  <testcase classname="day420.OrangeHRMTest" name="openapp" time="132.549"/>
  <testcase classname="day420.OrangeHRMTest" name="testLogo" time="3.517"/>
  <testcase classname="day420.OrangeHRMTest" name="testLogin" time="2.837"/>
  <testcase classname="day420.OrangeHRMTest" name="closeApp" time="3.504"/>
  <testcase classname="day420.FirstTestCase" name="logout" time="0.003"/>
  <testcase classname="day420.FirstTestCase" name="login" time="0.002"/>
  <testcase classname="day420.FirstTestCase" name="openapp" time="0.005"/>
</testsuite> <!-- my tests -->
