<?xml version="1.0" encoding="UTF-8"?>
<testng-results ignored="0" total="1" passed="1" failed="0" skipped="0">
  <reporter-output>
  </reporter-output>
  <suite started-at="2024-11-07T22:50:59 IST" name="Suite1" finished-at="2024-11-07T22:51:37 IST" duration-ms="38558">
    <groups>
    </groups>
    <test started-at="2024-11-07T22:50:59 IST" name="Test1" finished-at="2024-11-07T22:51:37 IST" duration-ms="38558">
      <class name="day47.LoginTest1">
        <test-method is-config="true" signature="setup()[pri:0, instance:day47.LoginTest1@36902638]" started-at="2024-11-07T22:50:59 IST" name="setup" finished-at="2024-11-07T22:51:19 IST" duration-ms="20332" status="PASS">
          <reporter-output>
          </reporter-output>
        </test-method> <!-- setup -->
        <test-method signature="testLogin()[pri:0, instance:day47.LoginTest1@36902638]" started-at="2024-11-07T22:51:19 IST" name="testLogin" finished-at="2024-11-07T22:51:36 IST" duration-ms="17291" status="PASS">
          <reporter-output>
          </reporter-output>
        </test-method> <!-- testLogin -->
        <test-method is-config="true" signature="tearDown()[pri:0, instance:day47.LoginTest1@36902638]" started-at="2024-11-07T22:51:36 IST" name="tearDown" finished-at="2024-11-07T22:51:37 IST" duration-ms="771" status="PASS">
          <reporter-output>
          </reporter-output>
        </test-method> <!-- tearDown -->
      </class> <!-- day47.LoginTest1 -->
    </test> <!-- Test1 -->
  </suite> <!-- Suite1 -->
</testng-results>
